[debug] [2024-04-09T06:12:57.026Z] ----------------------------------------------------------------------
[debug] [2024-04-09T06:12:57.028Z] Command:       C:\Program Files\nodejs\node.exe C:\Users\User\AppData\Roaming\npm\node_modules\firebase-tools\lib\bin\firebase.js init
[debug] [2024-04-09T06:12:57.028Z] CLI Version:   13.7.1
[debug] [2024-04-09T06:12:57.028Z] Platform:      win32
[debug] [2024-04-09T06:12:57.028Z] Node Version:  v20.11.1
[debug] [2024-04-09T06:12:57.028Z] Time:          Tue Apr 09 2024 03:12:57 GMT-0300 (Horário Padrão de Brasília)
[debug] [2024-04-09T06:12:57.028Z] ----------------------------------------------------------------------
[debug] 
[debug] [2024-04-09T06:12:57.101Z] > command requires scopes: ["email","openid","https://www.googleapis.com/auth/cloudplatformprojects.readonly","https://www.googleapis.com/auth/firebase","https://www.googleapis.com/auth/cloud-platform"]
[debug] [2024-04-09T06:12:57.101Z] > authorizing via signed-in user (igor.doring29@gmail.com)
[info] 
     ######## #### ########  ######## ########     ###     ######  ########
     ##        ##  ##     ## ##       ##     ##  ##   ##  ##       ##
     ######    ##  ########  ######   ########  #########  ######  ######
     ##        ##  ##    ##  ##       ##     ## ##     ##       ## ##
     ##       #### ##     ## ######## ########  ##     ##  ######  ########

You're about to initialize a Firebase project in this directory:

  C:\Users\User\Documents\Projetos\climaApp

Before we get started, keep in mind:

  * You are initializing within an existing Firebase project directory

[info] 
=== Project Setup
[info] 
[info] First, let's associate this project directory with a Firebase project.
[info] You can create multiple project aliases by running firebase use --add, 
[info] but for now we'll just set up a default project.
[info] 
[debug] [2024-04-09T06:14:07.862Z] >>> [apiv2][query] GET https://firebase.googleapis.com/v1beta1/projects pageSize=100
[debug] [2024-04-09T06:14:08.665Z] <<< [apiv2][status] GET https://firebase.googleapis.com/v1beta1/projects 200
[debug] [2024-04-09T06:14:08.665Z] <<< [apiv2][body] GET https://firebase.googleapis.com/v1beta1/projects [omitted]
[info] i  Using project climaapp-15b5c (climaApp) 
[info] 
=== Hosting Setup
[debug] [2024-04-09T06:14:11.660Z] >>> [apiv2][query] GET https://firebase.googleapis.com/v1beta1/projects/climaapp-15b5c [none]
[debug] [2024-04-09T06:14:12.034Z] <<< [apiv2][status] GET https://firebase.googleapis.com/v1beta1/projects/climaapp-15b5c 200
[debug] [2024-04-09T06:14:12.034Z] <<< [apiv2][body] GET https://firebase.googleapis.com/v1beta1/projects/climaapp-15b5c {"projectId":"climaapp-15b5c","projectNumber":"461641057032","displayName":"climaApp","name":"projects/climaapp-15b5c","resources":{"hostingSite":"climaapp-15b5c"},"state":"ACTIVE","etag":"1_58a4c73b-d0be-480f-b84b-2a8a82e32ffb"}
[info] 
[info] Your public directory is the folder (relative to your project directory) that
[info] will contain Hosting assets to be uploaded with firebase deploy. If you
[info] have a build process for your assets, use your build's output directory.
[info] 
